<?xml version="1.0" encoding="UTF-8"?>
<!-- Generated by org.testng.reporters.JUnitReportReporter -->
<testsuite hostname="DESKTOP-SH3BACH" failures="0" tests="3" name="SearchHotelsTestCases" time="23.736" errors="0" timestamp="2024-06-04T13:25:37 EET" skipped="0">
  <testcase classname="SearchHotelsTestCases" name="navigateToHotels" time="0.133"/>
  <system-out/>
  <testcase classname="SearchHotelsTestCases" name="fillSearchFields" time="23.044"/>
  <system-out/>
  <testcase classname="SearchHotelsTestCases" name="chooseRandomHotelTest" time="0.559"/>
  <system-out/>
</testsuite> <!-- SearchHotelsTestCases -->
